
ROM used:   85/8192 (1%)
            85/8192 (1%) including unused fragments

            0.1 Average locations per line
            3.9 Average locations per statement

RAM used:   7/368 (2%) at main() level
            8/368 (2%) worst case

Stack used: 0 worst case (0 in main + 0 for interrupts)
Stack size: 8

Lines Stmts  %   Files
----- ----- ---  -----
   39    22 100  microweek3.c
   10     0   0  microweek3.h
  661     0   0  ..\..\..\..\Program Files (x86)\PICC\Devices\16F877A.h
----- -----
  710    22 Total

Page ROM  %  RAM   Vol Diff  Functions:
---- --- --- ---   --- ----  ----------
0     22  26    1             @delay_ms1
0     59  69    1   499  4.3  main
 Inline         0             @cinit1

Program metrics:
    Functions               1
    Statements              22
    Comments                113
    Volume (V)              504
    Difficulty (D)          4.1
    Effort to implement (E) 2062
    Time to implement (T)   2 minutes
    Est Delivered Bugs (B)  0
    Cyclomatic Complexity   1
    Maintainability (MI)    54

 Segment     Used  Free
-----------  ----  ----
00000-00003     4  0  
00004-007FF    81  1963  
00800-00FFF     0  2048  
01000-017FF     0  2048  
01800-01FFF     0  2048  



